[20-Apr-2020 18:53:01 UTC] PHP Parse error:  syntax error, unexpected '}', expecting ',' or ';' in /Users/carasteffen/Local Sites/fictional-university/app/public/wp-content/themes/fictional-university-theme/index.php on line 4
[20-Apr-2020 19:48:20 UTC] PHP Parse error:  syntax error, unexpected end of file in /Users/carasteffen/Local Sites/fictional-university/app/public/wp-content/themes/fictional-university-theme/index.php on line 13
[21-Apr-2020 16:43:41 UTC] PHP Parse error:  syntax error, unexpected ')', expecting ',' or ';' in /Users/carasteffen/Local Sites/fictional-university/app/public/wp-content/themes/fictional-university-theme/index.php on line 3
[21-Apr-2020 16:43:55 UTC] PHP Parse error:  syntax error, unexpected 'page' (T_STRING) in /Users/carasteffen/Local Sites/fictional-university/app/public/wp-content/themes/fictional-university-theme/index.php on line 4
[21-Apr-2020 17:50:32 UTC] PHP Warning:  Use of undefined constant the_title - assumed 'the_title' (this will throw an Error in a future version of PHP) in /Users/carasteffen/Local Sites/fictional-university/app/public/wp-content/themes/fictional-university-theme/page.php on line 11
[21-Apr-2020 17:50:32 UTC] PHP Stack trace:
[21-Apr-2020 17:50:32 UTC] PHP   1. {main}() /Users/carasteffen/Local Sites/fictional-university/app/public/index.php:0
[21-Apr-2020 17:50:32 UTC] PHP   2. require() /Users/carasteffen/Local Sites/fictional-university/app/public/index.php:17
[21-Apr-2020 17:50:32 UTC] PHP   3. require_once() /Users/carasteffen/Local Sites/fictional-university/app/public/wp-blog-header.php:19
[21-Apr-2020 17:50:32 UTC] PHP   4. include() /Users/carasteffen/Local Sites/fictional-university/app/public/wp-includes/template-loader.php:106
[21-Apr-2020 17:51:32 UTC] PHP Parse error:  syntax error, unexpected '<' in /Users/carasteffen/Local Sites/fictional-university/app/public/wp-content/themes/fictional-university-theme/page.php on line 34
[21-Apr-2020 17:57:48 UTC] PHP Warning:  call_user_func_array() expects parameter 1 to be a valid callback, function 'university_features' not found or invalid function name in /Users/carasteffen/Local Sites/fictional-university/app/public/wp-includes/class-wp-hook.php on line 287
[21-Apr-2020 17:57:48 UTC] PHP Stack trace:
[21-Apr-2020 17:57:48 UTC] PHP   1. {main}() /Users/carasteffen/Local Sites/fictional-university/app/public/wp-admin/admin-ajax.php:0
[21-Apr-2020 17:57:48 UTC] PHP   2. require_once() /Users/carasteffen/Local Sites/fictional-university/app/public/wp-admin/admin-ajax.php:22
[21-Apr-2020 17:57:48 UTC] PHP   3. require_once() /Users/carasteffen/Local Sites/fictional-university/app/public/wp-load.php:37
[21-Apr-2020 17:57:48 UTC] PHP   4. require_once() /Users/carasteffen/Local Sites/fictional-university/app/public/wp-config.php:77
[21-Apr-2020 17:57:48 UTC] PHP   5. do_action() /Users/carasteffen/Local Sites/fictional-university/app/public/wp-settings.php:524
[21-Apr-2020 17:57:48 UTC] PHP   6. WP_Hook->do_action() /Users/carasteffen/Local Sites/fictional-university/app/public/wp-includes/plugin.php:478
[21-Apr-2020 17:57:48 UTC] PHP   7. WP_Hook->apply_filters() /Users/carasteffen/Local Sites/fictional-university/app/public/wp-includes/class-wp-hook.php:311
[21-Apr-2020 17:57:49 UTC] PHP Warning:  call_user_func_array() expects parameter 1 to be a valid callback, function 'university_features' not found or invalid function name in /Users/carasteffen/Local Sites/fictional-university/app/public/wp-includes/class-wp-hook.php on line 287
[21-Apr-2020 17:57:49 UTC] PHP Stack trace:
[21-Apr-2020 17:57:49 UTC] PHP   1. {main}() /Users/carasteffen/Local Sites/fictional-university/app/public/wp-cron.php:0
[21-Apr-2020 17:57:49 UTC] PHP   2. require_once() /Users/carasteffen/Local Sites/fictional-university/app/public/wp-cron.php:44
[21-Apr-2020 17:57:49 UTC] PHP   3. require_once() /Users/carasteffen/Local Sites/fictional-university/app/public/wp-load.php:37
[21-Apr-2020 17:57:49 UTC] PHP   4. require_once() /Users/carasteffen/Local Sites/fictional-university/app/public/wp-config.php:77
[21-Apr-2020 17:57:49 UTC] PHP   5. do_action() /Users/carasteffen/Local Sites/fictional-university/app/public/wp-settings.php:524
[21-Apr-2020 17:57:49 UTC] PHP   6. WP_Hook->do_action() /Users/carasteffen/Local Sites/fictional-university/app/public/wp-includes/plugin.php:478
[21-Apr-2020 17:57:49 UTC] PHP   7. WP_Hook->apply_filters() /Users/carasteffen/Local Sites/fictional-university/app/public/wp-includes/class-wp-hook.php:311
[21-Apr-2020 17:57:49 UTC] PHP Warning:  call_user_func_array() expects parameter 1 to be a valid callback, function 'university_features' not found or invalid function name in /Users/carasteffen/Local Sites/fictional-university/app/public/wp-includes/class-wp-hook.php on line 287
[21-Apr-2020 17:57:49 UTC] PHP Stack trace:
[21-Apr-2020 17:57:49 UTC] PHP   1. {main}() /Users/carasteffen/Local Sites/fictional-university/app/public/index.php:0
[21-Apr-2020 17:57:49 UTC] PHP   2. require() /Users/carasteffen/Local Sites/fictional-university/app/public/index.php:17
[21-Apr-2020 17:57:49 UTC] PHP   3. require_once() /Users/carasteffen/Local Sites/fictional-university/app/public/wp-blog-header.php:13
[21-Apr-2020 17:57:49 UTC] PHP   4. require_once() /Users/carasteffen/Local Sites/fictional-university/app/public/wp-load.php:37
[21-Apr-2020 17:57:49 UTC] PHP   5. require_once() /Users/carasteffen/Local Sites/fictional-university/app/public/wp-config.php:77
[21-Apr-2020 17:57:49 UTC] PHP   6. do_action() /Users/carasteffen/Local Sites/fictional-university/app/public/wp-settings.php:524
[21-Apr-2020 17:57:49 UTC] PHP   7. WP_Hook->do_action() /Users/carasteffen/Local Sites/fictional-university/app/public/wp-includes/plugin.php:478
[21-Apr-2020 17:57:49 UTC] PHP   8. WP_Hook->apply_filters() /Users/carasteffen/Local Sites/fictional-university/app/public/wp-includes/class-wp-hook.php:311
[21-Apr-2020 17:57:49 UTC] PHP Warning:  call_user_func_array() expects parameter 1 to be a valid callback, function 'university_features' not found or invalid function name in /Users/carasteffen/Local Sites/fictional-university/app/public/wp-includes/class-wp-hook.php on line 287
[21-Apr-2020 17:57:49 UTC] PHP Stack trace:
[21-Apr-2020 17:57:49 UTC] PHP   1. {main}() /Users/carasteffen/Local Sites/fictional-university/app/public/wp-admin/admin-ajax.php:0
[21-Apr-2020 17:57:49 UTC] PHP   2. require_once() /Users/carasteffen/Local Sites/fictional-university/app/public/wp-admin/admin-ajax.php:22
[21-Apr-2020 17:57:49 UTC] PHP   3. require_once() /Users/carasteffen/Local Sites/fictional-university/app/public/wp-load.php:37
[21-Apr-2020 17:57:49 UTC] PHP   4. require_once() /Users/carasteffen/Local Sites/fictional-university/app/public/wp-config.php:77
[21-Apr-2020 17:57:49 UTC] PHP   5. do_action() /Users/carasteffen/Local Sites/fictional-university/app/public/wp-settings.php:524
[21-Apr-2020 17:57:49 UTC] PHP   6. WP_Hook->do_action() /Users/carasteffen/Local Sites/fictional-university/app/public/wp-includes/plugin.php:478
[21-Apr-2020 17:57:49 UTC] PHP   7. WP_Hook->apply_filters() /Users/carasteffen/Local Sites/fictional-university/app/public/wp-includes/class-wp-hook.php:311
[21-Apr-2020 17:57:49 UTC] PHP Warning:  call_user_func_array() expects parameter 1 to be a valid callback, function 'university_features' not found or invalid function name in /Users/carasteffen/Local Sites/fictional-university/app/public/wp-includes/class-wp-hook.php on line 287
[21-Apr-2020 17:57:49 UTC] PHP Stack trace:
[21-Apr-2020 17:57:49 UTC] PHP   1. {main}() /Users/carasteffen/Local Sites/fictional-university/app/public/wp-admin/admin-ajax.php:0
[21-Apr-2020 17:57:49 UTC] PHP   2. require_once() /Users/carasteffen/Local Sites/fictional-university/app/public/wp-admin/admin-ajax.php:22
[21-Apr-2020 17:57:49 UTC] PHP   3. require_once() /Users/carasteffen/Local Sites/fictional-university/app/public/wp-load.php:37
[21-Apr-2020 17:57:49 UTC] PHP   4. require_once() /Users/carasteffen/Local Sites/fictional-university/app/public/wp-config.php:77
[21-Apr-2020 17:57:49 UTC] PHP   5. do_action() /Users/carasteffen/Local Sites/fictional-university/app/public/wp-settings.php:524
[21-Apr-2020 17:57:49 UTC] PHP   6. WP_Hook->do_action() /Users/carasteffen/Local Sites/fictional-university/app/public/wp-includes/plugin.php:478
[21-Apr-2020 17:57:49 UTC] PHP   7. WP_Hook->apply_filters() /Users/carasteffen/Local Sites/fictional-university/app/public/wp-includes/class-wp-hook.php:311
[21-Apr-2020 17:57:49 UTC] PHP Warning:  call_user_func_array() expects parameter 1 to be a valid callback, function 'university_features' not found or invalid function name in /Users/carasteffen/Local Sites/fictional-university/app/public/wp-includes/class-wp-hook.php on line 287
[21-Apr-2020 17:57:49 UTC] PHP Stack trace:
[21-Apr-2020 17:57:49 UTC] PHP   1. {main}() /Users/carasteffen/Local Sites/fictional-university/app/public/wp-admin/admin-ajax.php:0
[21-Apr-2020 17:57:49 UTC] PHP   2. require_once() /Users/carasteffen/Local Sites/fictional-university/app/public/wp-admin/admin-ajax.php:22
[21-Apr-2020 17:57:49 UTC] PHP   3. require_once() /Users/carasteffen/Local Sites/fictional-university/app/public/wp-load.php:37
[21-Apr-2020 17:57:49 UTC] PHP   4. require_once() /Users/carasteffen/Local Sites/fictional-university/app/public/wp-config.php:77
[21-Apr-2020 17:57:49 UTC] PHP   5. do_action() /Users/carasteffen/Local Sites/fictional-university/app/public/wp-settings.php:524
[21-Apr-2020 17:57:49 UTC] PHP   6. WP_Hook->do_action() /Users/carasteffen/Local Sites/fictional-university/app/public/wp-includes/plugin.php:478
[21-Apr-2020 17:57:49 UTC] PHP   7. WP_Hook->apply_filters() /Users/carasteffen/Local Sites/fictional-university/app/public/wp-includes/class-wp-hook.php:311
[21-Apr-2020 18:00:11 UTC] PHP Parse error:  syntax error, unexpected '">About Us</a></li>' (T_CONSTANT_ENCAPSED_STRING), expecting ',' or ';' in /Users/carasteffen/Local Sites/fictional-university/app/public/wp-content/themes/fictional-university-theme/header.php on line 16
[21-Apr-2020 18:26:18 UTC] PHP Fatal error:  Uncaught ArgumentCountError: Too few arguments to function wp_get_post_parent_id(), 0 passed in /Users/carasteffen/Local Sites/fictional-university/app/public/wp-content/themes/fictional-university-theme/page.php on line 22 and exactly 1 expected in /Users/carasteffen/Local Sites/fictional-university/app/public/wp-includes/post.php:6867
Stack trace:
#0 /Users/carasteffen/Local Sites/fictional-university/app/public/wp-content/themes/fictional-university-theme/page.php(22): wp_get_post_parent_id()
#1 /Users/carasteffen/Local Sites/fictional-university/app/public/wp-includes/template-loader.php(106): include('/Users/carastef...')
#2 /Users/carasteffen/Local Sites/fictional-university/app/public/wp-blog-header.php(19): require_once('/Users/carastef...')
#3 /Users/carasteffen/Local Sites/fictional-university/app/public/index.php(17): require('/Users/carastef...')
#4 {main}
  thrown in /Users/carasteffen/Local Sites/fictional-university/app/public/wp-includes/post.php on line 6867
[21-Apr-2020 18:27:16 UTC] PHP Warning:  Use of undefined constant get_the_ID - assumed 'get_the_ID' (this will throw an Error in a future version of PHP) in /Users/carasteffen/Local Sites/fictional-university/app/public/wp-content/themes/fictional-university-theme/page.php on line 22
[21-Apr-2020 18:27:16 UTC] PHP Stack trace:
[21-Apr-2020 18:27:16 UTC] PHP   1. {main}() /Users/carasteffen/Local Sites/fictional-university/app/public/index.php:0
[21-Apr-2020 18:27:16 UTC] PHP   2. require() /Users/carasteffen/Local Sites/fictional-university/app/public/index.php:17
[21-Apr-2020 18:27:16 UTC] PHP   3. require_once() /Users/carasteffen/Local Sites/fictional-university/app/public/wp-blog-header.php:19
[21-Apr-2020 18:27:16 UTC] PHP   4. include() /Users/carasteffen/Local Sites/fictional-university/app/public/wp-includes/template-loader.php:106
[21-Apr-2020 18:29:57 UTC] PHP Parse error:  syntax error, unexpected '}', expecting ',' or ';' in /Users/carasteffen/Local Sites/fictional-university/app/public/wp-content/themes/fictional-university-theme/page.php on line 24
[21-Apr-2020 18:31:01 UTC] PHP Parse error:  syntax error, unexpected '}', expecting ',' or ';' in /Users/carasteffen/Local Sites/fictional-university/app/public/wp-content/themes/fictional-university-theme/page.php on line 24
[21-Apr-2020 18:34:03 UTC] PHP Parse error:  syntax error, unexpected ')' in /Users/carasteffen/Local Sites/fictional-university/app/public/wp-content/themes/fictional-university-theme/page.php on line 22
[21-Apr-2020 18:42:28 UTC] PHP Parse error:  syntax error, unexpected 'if' (T_IF) in /Users/carasteffen/Local Sites/fictional-university/app/public/wp-content/themes/fictional-university-theme/page.php on line 23
[23-Apr-2020 16:11:28 UTC] PHP Parse error:  syntax error, unexpected '<' in /Users/carasteffen/Local Sites/fictional-university/app/public/wp-content/themes/fictional-university-theme/header.php on line 27
[23-Apr-2020 16:36:23 UTC] PHP Parse error:  syntax error, unexpected 'permalink' (T_STRING) in /Users/carasteffen/Local Sites/fictional-university/app/public/wp-content/themes/fictional-university-theme/index.php on line 19
[23-Apr-2020 18:07:04 UTC] PHP Parse error:  syntax error, unexpected end of file in /Users/carasteffen/Local Sites/fictional-university/app/public/wp-content/themes/fictional-university-theme/single.php on line 23
[23-Apr-2020 18:29:32 UTC] PHP Parse error:  syntax error, unexpected 'echo' (T_ECHO) in /Users/carasteffen/Local Sites/fictional-university/app/public/wp-content/themes/fictional-university-theme/archive.php on line 14
[23-Apr-2020 19:15:58 UTC] PHP Fatal error:  Uncaught Error: Call to a member function have_posts() on null in /Users/carasteffen/Local Sites/fictional-university/app/public/wp-content/themes/fictional-university-theme/front-page.php:71
Stack trace:
#0 /Users/carasteffen/Local Sites/fictional-university/app/public/wp-includes/template-loader.php(106): include()
#1 /Users/carasteffen/Local Sites/fictional-university/app/public/wp-blog-header.php(19): require_once('/Users/carastef...')
#2 /Users/carasteffen/Local Sites/fictional-university/app/public/index.php(17): require('/Users/carastef...')
#3 {main}
  thrown in /Users/carasteffen/Local Sites/fictional-university/app/public/wp-content/themes/fictional-university-theme/front-page.php on line 71
[23-Apr-2020 21:25:30 UTC] PHP Warning:  call_user_func_array() expects parameter 1 to be a valid callback, function 'university_post_types' not found or invalid function name in /Users/carasteffen/Local Sites/fictional-university/app/public/wp-includes/class-wp-hook.php on line 287
[23-Apr-2020 21:25:30 UTC] PHP Stack trace:
[23-Apr-2020 21:25:30 UTC] PHP   1. {main}() /Users/carasteffen/Local Sites/fictional-university/app/public/wp-admin/admin-ajax.php:0
[23-Apr-2020 21:25:30 UTC] PHP   2. require_once() /Users/carasteffen/Local Sites/fictional-university/app/public/wp-admin/admin-ajax.php:22
[23-Apr-2020 21:25:30 UTC] PHP   3. require_once() /Users/carasteffen/Local Sites/fictional-university/app/public/wp-load.php:37
[23-Apr-2020 21:25:30 UTC] PHP   4. require_once() /Users/carasteffen/Local Sites/fictional-university/app/public/wp-config.php:77
[23-Apr-2020 21:25:30 UTC] PHP   5. do_action() /Users/carasteffen/Local Sites/fictional-university/app/public/wp-settings.php:540
[23-Apr-2020 21:25:30 UTC] PHP   6. WP_Hook->do_action() /Users/carasteffen/Local Sites/fictional-university/app/public/wp-includes/plugin.php:478
[23-Apr-2020 21:25:30 UTC] PHP   7. WP_Hook->apply_filters() /Users/carasteffen/Local Sites/fictional-university/app/public/wp-includes/class-wp-hook.php:311
[23-Apr-2020 21:33:06 UTC] PHP Warning:  call_user_func_array() expects parameter 1 to be a valid callback, function 'university_post_types' not found or invalid function name in /Users/carasteffen/Local Sites/fictional-university/app/public/wp-includes/class-wp-hook.php on line 287
[23-Apr-2020 21:33:06 UTC] PHP Stack trace:
[23-Apr-2020 21:33:06 UTC] PHP   1. {main}() /Users/carasteffen/Local Sites/fictional-university/app/public/wp-admin/admin-ajax.php:0
[23-Apr-2020 21:33:06 UTC] PHP   2. require_once() /Users/carasteffen/Local Sites/fictional-university/app/public/wp-admin/admin-ajax.php:22
[23-Apr-2020 21:33:06 UTC] PHP   3. require_once() /Users/carasteffen/Local Sites/fictional-university/app/public/wp-load.php:37
[23-Apr-2020 21:33:06 UTC] PHP   4. require_once() /Users/carasteffen/Local Sites/fictional-university/app/public/wp-config.php:77
[23-Apr-2020 21:33:06 UTC] PHP   5. do_action() /Users/carasteffen/Local Sites/fictional-university/app/public/wp-settings.php:540
[23-Apr-2020 21:33:06 UTC] PHP   6. WP_Hook->do_action() /Users/carasteffen/Local Sites/fictional-university/app/public/wp-includes/plugin.php:478
[23-Apr-2020 21:33:06 UTC] PHP   7. WP_Hook->apply_filters() /Users/carasteffen/Local Sites/fictional-university/app/public/wp-includes/class-wp-hook.php:311
[23-Apr-2020 21:33:07 UTC] PHP Warning:  call_user_func_array() expects parameter 1 to be a valid callback, function 'university_post_types' not found or invalid function name in /Users/carasteffen/Local Sites/fictional-university/app/public/wp-includes/class-wp-hook.php on line 287
[23-Apr-2020 21:33:07 UTC] PHP Stack trace:
[23-Apr-2020 21:33:07 UTC] PHP   1. {main}() /Users/carasteffen/Local Sites/fictional-university/app/public/wp-admin/edit.php:0
[23-Apr-2020 21:33:07 UTC] PHP   2. require_once() /Users/carasteffen/Local Sites/fictional-university/app/public/wp-admin/edit.php:10
[23-Apr-2020 21:33:07 UTC] PHP   3. require_once() /Users/carasteffen/Local Sites/fictional-university/app/public/wp-admin/admin.php:34
[23-Apr-2020 21:33:07 UTC] PHP   4. require_once() /Users/carasteffen/Local Sites/fictional-university/app/public/wp-load.php:37
[23-Apr-2020 21:33:07 UTC] PHP   5. require_once() /Users/carasteffen/Local Sites/fictional-university/app/public/wp-config.php:77
[23-Apr-2020 21:33:07 UTC] PHP   6. do_action() /Users/carasteffen/Local Sites/fictional-university/app/public/wp-settings.php:540
[23-Apr-2020 21:33:07 UTC] PHP   7. WP_Hook->do_action() /Users/carasteffen/Local Sites/fictional-university/app/public/wp-includes/plugin.php:478
[23-Apr-2020 21:33:07 UTC] PHP   8. WP_Hook->apply_filters() /Users/carasteffen/Local Sites/fictional-university/app/public/wp-includes/class-wp-hook.php:311
[23-Apr-2020 21:33:07 UTC] PHP Warning:  Cannot modify header information - headers already sent by (output started at /Users/carasteffen/Local Sites/fictional-university/app/public/wp-includes/class-wp-hook.php:287) in /Users/carasteffen/Local Sites/fictional-university/app/public/wp-includes/functions.php on line 6221
[23-Apr-2020 21:33:07 UTC] PHP Stack trace:
[23-Apr-2020 21:33:07 UTC] PHP   1. {main}() /Users/carasteffen/Local Sites/fictional-university/app/public/wp-admin/edit.php:0
[23-Apr-2020 21:33:07 UTC] PHP   2. require_once() /Users/carasteffen/Local Sites/fictional-university/app/public/wp-admin/edit.php:10
[23-Apr-2020 21:33:07 UTC] PHP   3. do_action() /Users/carasteffen/Local Sites/fictional-university/app/public/wp-admin/admin.php:170
[23-Apr-2020 21:33:07 UTC] PHP   4. WP_Hook->do_action() /Users/carasteffen/Local Sites/fictional-university/app/public/wp-includes/plugin.php:478
[23-Apr-2020 21:33:07 UTC] PHP   5. WP_Hook->apply_filters() /Users/carasteffen/Local Sites/fictional-university/app/public/wp-includes/class-wp-hook.php:311
[23-Apr-2020 21:33:07 UTC] PHP   6. send_frame_options_header() /Users/carasteffen/Local Sites/fictional-university/app/public/wp-includes/class-wp-hook.php:285
[23-Apr-2020 21:33:07 UTC] PHP   7. header() /Users/carasteffen/Local Sites/fictional-university/app/public/wp-includes/functions.php:6221
[23-Apr-2020 21:33:07 UTC] PHP Warning:  Cannot modify header information - headers already sent by (output started at /Users/carasteffen/Local Sites/fictional-university/app/public/wp-includes/class-wp-hook.php:287) in /Users/carasteffen/Local Sites/fictional-university/app/public/wp-admin/includes/misc.php on line 1259
[23-Apr-2020 21:33:07 UTC] PHP Stack trace:
[23-Apr-2020 21:33:07 UTC] PHP   1. {main}() /Users/carasteffen/Local Sites/fictional-university/app/public/wp-admin/edit.php:0
[23-Apr-2020 21:33:07 UTC] PHP   2. require_once() /Users/carasteffen/Local Sites/fictional-university/app/public/wp-admin/edit.php:10
[23-Apr-2020 21:33:07 UTC] PHP   3. do_action() /Users/carasteffen/Local Sites/fictional-university/app/public/wp-admin/admin.php:170
[23-Apr-2020 21:33:07 UTC] PHP   4. WP_Hook->do_action() /Users/carasteffen/Local Sites/fictional-university/app/public/wp-includes/plugin.php:478
[23-Apr-2020 21:33:07 UTC] PHP   5. WP_Hook->apply_filters() /Users/carasteffen/Local Sites/fictional-university/app/public/wp-includes/class-wp-hook.php:311
[23-Apr-2020 21:33:07 UTC] PHP   6. wp_admin_headers() /Users/carasteffen/Local Sites/fictional-university/app/public/wp-includes/class-wp-hook.php:287
[23-Apr-2020 21:33:07 UTC] PHP   7. header() /Users/carasteffen/Local Sites/fictional-university/app/public/wp-admin/includes/misc.php:1259
[23-Apr-2020 22:47:48 UTC] PHP Parse error:  syntax error, unexpected '=>' (T_DOUBLE_ARROW) in /Users/carasteffen/Local Sites/fictional-university/app/public/wp-content/mu-plugins/university-post-type.php on line 5
[24-Apr-2020 01:17:58 UTC] PHP Parse error:  syntax error, unexpected ''posts_per_page'' (T_CONSTANT_ENCAPSED_STRING), expecting ')' in /Users/carasteffen/Local Sites/fictional-university/app/public/wp-content/themes/fictional-university-theme/page-past-events.php on line 38
[24-Apr-2020 19:02:15 UTC] PHP Warning:  Invalid argument supplied for foreach() in /Users/carasteffen/Local Sites/fictional-university/app/public/wp-content/themes/fictional-university-theme/single-event.php on line 36
[24-Apr-2020 19:02:15 UTC] PHP Stack trace:
[24-Apr-2020 19:02:15 UTC] PHP   1. {main}() /Users/carasteffen/Local Sites/fictional-university/app/public/index.php:0
[24-Apr-2020 19:02:15 UTC] PHP   2. require() /Users/carasteffen/Local Sites/fictional-university/app/public/index.php:17
[24-Apr-2020 19:02:15 UTC] PHP   3. require_once() /Users/carasteffen/Local Sites/fictional-university/app/public/wp-blog-header.php:19
[24-Apr-2020 19:02:15 UTC] PHP   4. include() /Users/carasteffen/Local Sites/fictional-university/app/public/wp-includes/template-loader.php:106
[24-Apr-2020 19:02:27 UTC] PHP Warning:  Invalid argument supplied for foreach() in /Users/carasteffen/Local Sites/fictional-university/app/public/wp-content/themes/fictional-university-theme/single-event.php on line 36
[24-Apr-2020 19:02:27 UTC] PHP Stack trace:
[24-Apr-2020 19:02:27 UTC] PHP   1. {main}() /Users/carasteffen/Local Sites/fictional-university/app/public/index.php:0
[24-Apr-2020 19:02:27 UTC] PHP   2. require() /Users/carasteffen/Local Sites/fictional-university/app/public/index.php:17
[24-Apr-2020 19:02:27 UTC] PHP   3. require_once() /Users/carasteffen/Local Sites/fictional-university/app/public/wp-blog-header.php:19
[24-Apr-2020 19:02:27 UTC] PHP   4. include() /Users/carasteffen/Local Sites/fictional-university/app/public/wp-includes/template-loader.php:106
[24-Apr-2020 19:08:14 UTC] PHP Parse error:  syntax error, unexpected end of file in /Users/carasteffen/Local Sites/fictional-university/app/public/wp-content/themes/fictional-university-theme/single-event.php on line 53
[24-Apr-2020 19:08:46 UTC] PHP Parse error:  syntax error, unexpected end of file in /Users/carasteffen/Local Sites/fictional-university/app/public/wp-content/themes/fictional-university-theme/single-event.php on line 53
[24-Apr-2020 19:08:55 UTC] PHP Parse error:  syntax error, unexpected end of file in /Users/carasteffen/Local Sites/fictional-university/app/public/wp-content/themes/fictional-university-theme/single-event.php on line 53
[24-Apr-2020 19:10:09 UTC] PHP Parse error:  syntax error, unexpected end of file in /Users/carasteffen/Local Sites/fictional-university/app/public/wp-content/themes/fictional-university-theme/single-event.php on line 53
[24-Apr-2020 19:10:36 UTC] PHP Parse error:  syntax error, unexpected end of file in /Users/carasteffen/Local Sites/fictional-university/app/public/wp-content/themes/fictional-university-theme/single-event.php on line 52
[24-Apr-2020 19:14:24 UTC] PHP Parse error:  syntax error, unexpected 'echo' (T_ECHO), expecting ',' or ';' in /Users/carasteffen/Local Sites/fictional-university/app/public/wp-content/themes/fictional-university-theme/single-event.php on line 37
[24-Apr-2020 19:15:07 UTC] PHP Parse error:  syntax error, unexpected 'echo' (T_ECHO), expecting ',' or ';' in /Users/carasteffen/Local Sites/fictional-university/app/public/wp-content/themes/fictional-university-theme/single-event.php on line 37
[24-Apr-2020 19:42:59 UTC] PHP Parse error:  syntax error, unexpected 'echo' (T_ECHO), expecting ',' or ';' in /Users/carasteffen/Local Sites/fictional-university/app/public/wp-content/themes/fictional-university-theme/single-program.php on line 58
[24-Apr-2020 20:21:52 UTC] PHP Parse error:  syntax error, unexpected '.' in /Users/carasteffen/Local Sites/fictional-university/app/public/wp-content/themes/fictional-university-theme/single-program.php on line 54
[24-Apr-2020 20:22:20 UTC] PHP Parse error:  syntax error, unexpected '.' in /Users/carasteffen/Local Sites/fictional-university/app/public/wp-content/themes/fictional-university-theme/single-program.php on line 54
[24-Apr-2020 20:22:56 UTC] PHP Parse error:  syntax error, unexpected '.' in /Users/carasteffen/Local Sites/fictional-university/app/public/wp-content/themes/fictional-university-theme/single-program.php on line 54
[25-Apr-2020 21:59:57 UTC] PHP Parse error:  syntax error, unexpected ':' in /Users/carasteffen/Local Sites/fictional-university/app/public/wp-content/themes/fictional-university-theme/archive.php on line 6
[25-Apr-2020 22:58:49 UTC] PHP Parse error:  syntax error, unexpected end of file in /Users/carasteffen/Local Sites/fictional-university/app/public/wp-content/mu-plugins/university-post-type.php on line 74
[25-Apr-2020 22:58:49 UTC] PHP Parse error:  syntax error, unexpected end of file in /Users/carasteffen/Local Sites/fictional-university/app/public/wp-content/mu-plugins/university-post-type.php on line 74
[25-Apr-2020 23:00:18 UTC] PHP Parse error:  syntax error, unexpected end of file in /Users/carasteffen/Local Sites/fictional-university/app/public/wp-content/mu-plugins/university-post-type.php on line 74
[25-Apr-2020 23:00:31 UTC] PHP Parse error:  syntax error, unexpected end of file in /Users/carasteffen/Local Sites/fictional-university/app/public/wp-content/mu-plugins/university-post-type.php on line 73
[26-Apr-2020 00:04:14 UTC] PHP Parse error:  syntax error, unexpected 'true' (T_STRING), expecting ')' in /Users/carasteffen/Local Sites/fictional-university/app/public/wp-content/themes/fictional-university-theme/functions.php on line 82
[26-Apr-2020 00:04:14 UTC] PHP Parse error:  syntax error, unexpected 'true' (T_STRING), expecting ')' in /Users/carasteffen/Local Sites/fictional-university/app/public/wp-content/themes/fictional-university-theme/functions.php on line 82
[27-Apr-2020 19:03:31 UTC] PHP Fatal error:  Uncaught Error: Call to a member function have_posts() on null in /Users/carasteffen/Local Sites/fictional-university/app/public/wp-content/themes/fictional-university-theme/single-campus.php:56
Stack trace:
#0 /Users/carasteffen/Local Sites/fictional-university/app/public/wp-includes/template-loader.php(106): include()
#1 /Users/carasteffen/Local Sites/fictional-university/app/public/wp-blog-header.php(19): require_once('/Users/carastef...')
#2 /Users/carasteffen/Local Sites/fictional-university/app/public/index.php(17): require('/Users/carastef...')
#3 {main}
  thrown in /Users/carasteffen/Local Sites/fictional-university/app/public/wp-content/themes/fictional-university-theme/single-campus.php on line 56
[28-Apr-2020 16:13:36 UTC] PHP Parse error:  syntax error, unexpected 'function' (T_FUNCTION) in /Users/carasteffen/Local Sites/fictional-university/app/public/wp-content/themes/fictional-university-theme/functions.php on line 5
[28-Apr-2020 16:15:36 UTC] PHP Parse error:  syntax error, unexpected 'function' (T_FUNCTION) in /Users/carasteffen/Local Sites/fictional-university/app/public/wp-content/themes/fictional-university-theme/functions.php on line 5
[28-Apr-2020 16:17:36 UTC] PHP Parse error:  syntax error, unexpected 'function' (T_FUNCTION) in /Users/carasteffen/Local Sites/fictional-university/app/public/wp-content/themes/fictional-university-theme/functions.php on line 5
[28-Apr-2020 16:19:37 UTC] PHP Parse error:  syntax error, unexpected 'function' (T_FUNCTION) in /Users/carasteffen/Local Sites/fictional-university/app/public/wp-content/themes/fictional-university-theme/functions.php on line 5
[28-Apr-2020 16:21:37 UTC] PHP Parse error:  syntax error, unexpected 'function' (T_FUNCTION) in /Users/carasteffen/Local Sites/fictional-university/app/public/wp-content/themes/fictional-university-theme/functions.php on line 5
[28-Apr-2020 16:22:14 UTC] PHP Parse error:  syntax error, unexpected 'function' (T_FUNCTION) in /Users/carasteffen/Local Sites/fictional-university/app/public/wp-content/themes/fictional-university-theme/functions.php on line 5
[28-Apr-2020 16:22:33 UTC] PHP Parse error:  syntax error, unexpected 'function' (T_FUNCTION) in /Users/carasteffen/Local Sites/fictional-university/app/public/wp-content/themes/fictional-university-theme/functions.php on line 5
[28-Apr-2020 16:23:06 UTC] PHP Parse error:  syntax error, unexpected 'function' (T_FUNCTION) in /Users/carasteffen/Local Sites/fictional-university/app/public/wp-content/themes/fictional-university-theme/functions.php on line 5
[28-Apr-2020 16:23:29 UTC] PHP Parse error:  syntax error, unexpected 'function' (T_FUNCTION) in /Users/carasteffen/Local Sites/fictional-university/app/public/wp-content/themes/fictional-university-theme/functions.php on line 5
[28-Apr-2020 16:23:37 UTC] PHP Parse error:  syntax error, unexpected 'function' (T_FUNCTION) in /Users/carasteffen/Local Sites/fictional-university/app/public/wp-content/themes/fictional-university-theme/functions.php on line 5
[28-Apr-2020 16:25:38 UTC] PHP Parse error:  syntax error, unexpected 'function' (T_FUNCTION) in /Users/carasteffen/Local Sites/fictional-university/app/public/wp-content/themes/fictional-university-theme/functions.php on line 5
[28-Apr-2020 16:27:28 UTC] PHP Parse error:  syntax error, unexpected 'function' (T_FUNCTION) in /Users/carasteffen/Local Sites/fictional-university/app/public/wp-content/themes/fictional-university-theme/includes/search-route.php on line 7
[28-Apr-2020 16:27:38 UTC] PHP Parse error:  syntax error, unexpected 'function' (T_FUNCTION) in /Users/carasteffen/Local Sites/fictional-university/app/public/wp-content/themes/fictional-university-theme/includes/search-route.php on line 7
[28-Apr-2020 16:39:20 UTC] PHP Parse error:  syntax error, unexpected ';', expecting ')' in /Users/carasteffen/Local Sites/fictional-university/app/public/wp-content/themes/fictional-university-theme/includes/search-route.php on line 22
[28-Apr-2020 16:39:40 UTC] PHP Parse error:  syntax error, unexpected ';', expecting ')' in /Users/carasteffen/Local Sites/fictional-university/app/public/wp-content/themes/fictional-university-theme/includes/search-route.php on line 22
[28-Apr-2020 16:39:48 UTC] PHP Parse error:  syntax error, unexpected ';', expecting ')' in /Users/carasteffen/Local Sites/fictional-university/app/public/wp-content/themes/fictional-university-theme/includes/search-route.php on line 22
[28-Apr-2020 16:39:51 UTC] PHP Parse error:  syntax error, unexpected ';', expecting ')' in /Users/carasteffen/Local Sites/fictional-university/app/public/wp-content/themes/fictional-university-theme/includes/search-route.php on line 22
[28-Apr-2020 16:40:19 UTC] PHP Parse error:  syntax error, unexpected ';', expecting ')' in /Users/carasteffen/Local Sites/fictional-university/app/public/wp-content/themes/fictional-university-theme/includes/search-route.php on line 22
[28-Apr-2020 16:46:31 UTC] PHP Parse error:  syntax error, unexpected '}' in /Users/carasteffen/Local Sites/fictional-university/app/public/wp-content/themes/fictional-university-theme/includes/search-route.php on line 33
[28-Apr-2020 17:29:49 UTC] PHP Parse error:  syntax error, unexpected ')', expecting variable (T_VARIABLE) in /Users/carasteffen/Local Sites/fictional-university/app/public/wp-content/themes/fictional-university-theme/includes/search-route.php on line 19
[28-Apr-2020 17:31:49 UTC] PHP Parse error:  syntax error, unexpected ')', expecting variable (T_VARIABLE) in /Users/carasteffen/Local Sites/fictional-university/app/public/wp-content/themes/fictional-university-theme/includes/search-route.php on line 19
[28-Apr-2020 17:33:35 UTC] PHP Parse error:  syntax error, unexpected ')', expecting variable (T_VARIABLE) in /Users/carasteffen/Local Sites/fictional-university/app/public/wp-content/themes/fictional-university-theme/includes/search-route.php on line 19
[28-Apr-2020 17:33:50 UTC] PHP Parse error:  syntax error, unexpected ')', expecting variable (T_VARIABLE) in /Users/carasteffen/Local Sites/fictional-university/app/public/wp-content/themes/fictional-university-theme/includes/search-route.php on line 19
[28-Apr-2020 18:48:02 UTC] PHP Parse error:  syntax error, unexpected ')' in /Users/carasteffen/Local Sites/fictional-university/app/public/wp-content/themes/fictional-university-theme/includes/search-route.php on line 89
[28-Apr-2020 19:22:34 UTC] PHP Parse error:  syntax error, unexpected end of file in /Users/carasteffen/Local Sites/fictional-university/app/public/wp-content/themes/fictional-university-theme/includes/search-route.php on line 120
[28-Apr-2020 19:36:36 UTC] PHP Parse error:  syntax error, unexpected ';', expecting ')' in /Users/carasteffen/Local Sites/fictional-university/app/public/wp-content/themes/fictional-university-theme/includes/search-route.php on line 120
[28-Apr-2020 19:36:38 UTC] PHP Parse error:  syntax error, unexpected ';', expecting ')' in /Users/carasteffen/Local Sites/fictional-university/app/public/wp-content/themes/fictional-university-theme/includes/search-route.php on line 120
[28-Apr-2020 20:25:50 UTC] PHP Parse error:  syntax error, unexpected ',', expecting ']' in /Users/carasteffen/Local Sites/fictional-university/app/public/wp-content/themes/fictional-university-theme/includes/search-route.php on line 64
[28-Apr-2020 20:25:52 UTC] PHP Parse error:  syntax error, unexpected ',', expecting ']' in /Users/carasteffen/Local Sites/fictional-university/app/public/wp-content/themes/fictional-university-theme/includes/search-route.php on line 64
[28-Apr-2020 20:26:21 UTC] PHP Parse error:  syntax error, unexpected ',', expecting ']' in /Users/carasteffen/Local Sites/fictional-university/app/public/wp-content/themes/fictional-university-theme/includes/search-route.php on line 64
[28-Apr-2020 20:27:52 UTC] PHP Parse error:  syntax error, unexpected ',', expecting ']' in /Users/carasteffen/Local Sites/fictional-university/app/public/wp-content/themes/fictional-university-theme/includes/search-route.php on line 64
[28-Apr-2020 20:29:52 UTC] PHP Parse error:  syntax error, unexpected '}' in /Users/carasteffen/Local Sites/fictional-university/app/public/wp-content/themes/fictional-university-theme/includes/search-route.php on line 68
[28-Apr-2020 23:00:00 UTC] PHP Warning:  Use of undefined constant have_posts - assumed 'have_posts' (this will throw an Error in a future version of PHP) in /Users/carasteffen/Local Sites/fictional-university/app/public/wp-content/themes/fictional-university-theme/search.php on line 13
[28-Apr-2020 23:00:00 UTC] PHP Stack trace:
[28-Apr-2020 23:00:00 UTC] PHP   1. {main}() /Users/carasteffen/Local Sites/fictional-university/app/public/index.php:0
[28-Apr-2020 23:00:00 UTC] PHP   2. require() /Users/carasteffen/Local Sites/fictional-university/app/public/index.php:17
[28-Apr-2020 23:00:00 UTC] PHP   3. require_once() /Users/carasteffen/Local Sites/fictional-university/app/public/wp-blog-header.php:19
[28-Apr-2020 23:00:00 UTC] PHP   4. include() /Users/carasteffen/Local Sites/fictional-university/app/public/wp-includes/template-loader.php:106
[29-Apr-2020 19:53:16 UTC] PHP Parse error:  syntax error, unexpected '[', expecting identifier (T_STRING) or variable (T_VARIABLE) or '{' or '$' in /Users/carasteffen/Local Sites/fictional-university/app/public/wp-content/themes/fictional-university-theme/functions.php on line 110
[29-Apr-2020 19:56:35 UTC] PHP Warning:  count(): Parameter must be an array or an object that implements Countable in /Users/carasteffen/Local Sites/fictional-university/app/public/wp-content/themes/fictional-university-theme/functions.php on line 110
[29-Apr-2020 19:56:35 UTC] PHP Stack trace:
[29-Apr-2020 19:56:35 UTC] PHP   1. {main}() /Users/carasteffen/Local Sites/fictional-university/app/public/wp-admin/profile.php:0
[29-Apr-2020 19:56:35 UTC] PHP   2. require_once() /Users/carasteffen/Local Sites/fictional-university/app/public/wp-admin/profile.php:18
[29-Apr-2020 19:56:35 UTC] PHP   3. require_once() /Users/carasteffen/Local Sites/fictional-university/app/public/wp-admin/user-edit.php:10
[29-Apr-2020 19:56:35 UTC] PHP   4. do_action() /Users/carasteffen/Local Sites/fictional-university/app/public/wp-admin/admin.php:170
[29-Apr-2020 19:56:35 UTC] PHP   5. WP_Hook->do_action() /Users/carasteffen/Local Sites/fictional-university/app/public/wp-includes/plugin.php:478
[29-Apr-2020 19:56:35 UTC] PHP   6. WP_Hook->apply_filters() /Users/carasteffen/Local Sites/fictional-university/app/public/wp-includes/class-wp-hook.php:311
[29-Apr-2020 19:56:35 UTC] PHP   7. redirectSubscribersToFrontend() /Users/carasteffen/Local Sites/fictional-university/app/public/wp-includes/class-wp-hook.php:287
[29-Apr-2020 19:57:44 UTC] PHP Warning:  count(): Parameter must be an array or an object that implements Countable in /Users/carasteffen/Local Sites/fictional-university/app/public/wp-content/themes/fictional-university-theme/functions.php on line 110
[29-Apr-2020 19:57:44 UTC] PHP Stack trace:
[29-Apr-2020 19:57:44 UTC] PHP   1. {main}() /Users/carasteffen/Local Sites/fictional-university/app/public/wp-admin/index.php:0
[29-Apr-2020 19:57:44 UTC] PHP   2. require_once() /Users/carasteffen/Local Sites/fictional-university/app/public/wp-admin/index.php:10
[29-Apr-2020 19:57:44 UTC] PHP   3. do_action() /Users/carasteffen/Local Sites/fictional-university/app/public/wp-admin/admin.php:170
[29-Apr-2020 19:57:44 UTC] PHP   4. WP_Hook->do_action() /Users/carasteffen/Local Sites/fictional-university/app/public/wp-includes/plugin.php:478
[29-Apr-2020 19:57:44 UTC] PHP   5. WP_Hook->apply_filters() /Users/carasteffen/Local Sites/fictional-university/app/public/wp-includes/class-wp-hook.php:311
[29-Apr-2020 19:57:44 UTC] PHP   6. redirectSubscribersToFrontend() /Users/carasteffen/Local Sites/fictional-university/app/public/wp-includes/class-wp-hook.php:287
[30-Apr-2020 15:33:49 UTC] PHP Warning:  count(): Parameter must be an array or an object that implements Countable in /Users/carasteffen/Local Sites/fictional-university/app/public/wp-content/themes/fictional-university-theme/functions.php on line 123
[30-Apr-2020 15:33:49 UTC] PHP Stack trace:
[30-Apr-2020 15:33:49 UTC] PHP   1. {main}() /Users/carasteffen/Local Sites/fictional-university/app/public/index.php:0
[30-Apr-2020 15:33:49 UTC] PHP   2. require() /Users/carasteffen/Local Sites/fictional-university/app/public/index.php:17
[30-Apr-2020 15:33:49 UTC] PHP   3. require_once() /Users/carasteffen/Local Sites/fictional-university/app/public/wp-blog-header.php:13
[30-Apr-2020 15:33:49 UTC] PHP   4. require_once() /Users/carasteffen/Local Sites/fictional-university/app/public/wp-load.php:37
[30-Apr-2020 15:33:49 UTC] PHP   5. require_once() /Users/carasteffen/Local Sites/fictional-university/app/public/wp-config.php:77
[30-Apr-2020 15:33:49 UTC] PHP   6. do_action() /Users/carasteffen/Local Sites/fictional-university/app/public/wp-settings.php:562
[30-Apr-2020 15:33:49 UTC] PHP   7. WP_Hook->do_action() /Users/carasteffen/Local Sites/fictional-university/app/public/wp-includes/plugin.php:478
[30-Apr-2020 15:33:49 UTC] PHP   8. WP_Hook->apply_filters() /Users/carasteffen/Local Sites/fictional-university/app/public/wp-includes/class-wp-hook.php:311
[30-Apr-2020 15:33:49 UTC] PHP   9. noSubscriberAdminBar() /Users/carasteffen/Local Sites/fictional-university/app/public/wp-includes/class-wp-hook.php:287
[30-Apr-2020 15:33:49 UTC] PHP Warning:  count(): Parameter must be an array or an object that implements Countable in /Users/carasteffen/Local Sites/fictional-university/app/public/wp-content/themes/fictional-university-theme/functions.php on line 123
[30-Apr-2020 15:33:49 UTC] PHP Stack trace:
[30-Apr-2020 15:33:49 UTC] PHP   1. {main}() /Users/carasteffen/Local Sites/fictional-university/app/public/wp-cron.php:0
[30-Apr-2020 15:33:49 UTC] PHP   2. require_once() /Users/carasteffen/Local Sites/fictional-university/app/public/wp-cron.php:44
[30-Apr-2020 15:33:49 UTC] PHP   3. require_once() /Users/carasteffen/Local Sites/fictional-university/app/public/wp-load.php:37
[30-Apr-2020 15:33:49 UTC] PHP   4. require_once() /Users/carasteffen/Local Sites/fictional-university/app/public/wp-config.php:77
[30-Apr-2020 15:33:49 UTC] PHP   5. do_action() /Users/carasteffen/Local Sites/fictional-university/app/public/wp-settings.php:562
[30-Apr-2020 15:33:49 UTC] PHP   6. WP_Hook->do_action() /Users/carasteffen/Local Sites/fictional-university/app/public/wp-includes/plugin.php:478
[30-Apr-2020 15:33:49 UTC] PHP   7. WP_Hook->apply_filters() /Users/carasteffen/Local Sites/fictional-university/app/public/wp-includes/class-wp-hook.php:311
[30-Apr-2020 15:33:49 UTC] PHP   8. noSubscriberAdminBar() /Users/carasteffen/Local Sites/fictional-university/app/public/wp-includes/class-wp-hook.php:287
[01-May-2020 23:10:56 UTC] PHP Parse error:  syntax error, unexpected ''show_in_rest'' (T_CONSTANT_ENCAPSED_STRING), expecting ')' in /Users/carasteffen/Local Sites/fictional-university/app/public/wp-content/mu-plugins/university-post-type.php on line 77
[01-May-2020 23:31:16 UTC] PHP Parse error:  syntax error, unexpected '}', expecting ';' in /Users/carasteffen/Local Sites/fictional-university/app/public/wp-content/themes/fictional-university-theme/functions.php on line 158
[01-May-2020 23:33:01 UTC] PHP Parse error:  syntax error, unexpected '}', expecting ';' in /Users/carasteffen/Local Sites/fictional-university/app/public/wp-content/themes/fictional-university-theme/functions.php on line 161
[01-May-2020 23:33:09 UTC] PHP Parse error:  syntax error, unexpected '}', expecting ';' in /Users/carasteffen/Local Sites/fictional-university/app/public/wp-content/themes/fictional-university-theme/functions.php on line 161
[02-May-2020 01:23:45 UTC] PHP Parse error:  syntax error, unexpected ';', expecting ')' in /Users/carasteffen/Local Sites/fictional-university/app/public/wp-content/themes/fictional-university-theme/single-professor.php on line 43
[02-May-2020 20:23:24 UTC] PHP Parse error:  syntax error, unexpected 'does' (T_STRING) in /Users/carasteffen/Local Sites/fictional-university/app/public/wp-content/themes/fictional-university-theme/includes/like-route.php on line 28
[02-May-2020 20:23:40 UTC] PHP Parse error:  syntax error, unexpected 'does' (T_STRING) in /Users/carasteffen/Local Sites/fictional-university/app/public/wp-content/themes/fictional-university-theme/includes/like-route.php on line 28
[02-May-2020 20:25:24 UTC] PHP Parse error:  syntax error, unexpected 'does' (T_STRING) in /Users/carasteffen/Local Sites/fictional-university/app/public/wp-content/themes/fictional-university-theme/includes/like-route.php on line 28
[02-May-2020 20:25:40 UTC] PHP Parse error:  syntax error, unexpected 'does' (T_STRING) in /Users/carasteffen/Local Sites/fictional-university/app/public/wp-content/themes/fictional-university-theme/includes/like-route.php on line 28
